TN:
SF:C:\Users\wjtay\Documents\GitHub\fullstackopen2020\part5\blog-frontend\src\App.js
FN:13,(anonymous_0)
FN:24,(anonymous_1)
FN:25,(anonymous_2)
FN:30,(anonymous_3)
FN:39,(anonymous_4)
FN:57,(anonymous_5)
FN:63,(anonymous_6)
FN:70,(anonymous_7)
FN:75,(anonymous_8)
FN:80,(anonymous_9)
FN:94,(anonymous_10)
FN:102,(anonymous_11)
FN:108,(anonymous_12)
FN:115,(anonymous_13)
FN:121,(anonymous_14)
FN:127,(anonymous_15)
FN:133,(anonymous_16)
FN:139,(anonymous_17)
FN:145,(anonymous_18)
FN:172,(anonymous_19)
FN:172,(anonymous_20)
FNF:21
FNH:0
FNDA:0,(anonymous_0)
FNDA:0,(anonymous_1)
FNDA:0,(anonymous_2)
FNDA:0,(anonymous_3)
FNDA:0,(anonymous_4)
FNDA:0,(anonymous_5)
FNDA:0,(anonymous_6)
FNDA:0,(anonymous_7)
FNDA:0,(anonymous_8)
FNDA:0,(anonymous_9)
FNDA:0,(anonymous_10)
FNDA:0,(anonymous_11)
FNDA:0,(anonymous_12)
FNDA:0,(anonymous_13)
FNDA:0,(anonymous_14)
FNDA:0,(anonymous_15)
FNDA:0,(anonymous_16)
FNDA:0,(anonymous_17)
FNDA:0,(anonymous_18)
FNDA:0,(anonymous_19)
FNDA:0,(anonymous_20)
DA:13,0
DA:14,0
DA:15,0
DA:16,0
DA:18,0
DA:19,0
DA:20,0
DA:22,0
DA:24,0
DA:25,0
DA:26,0
DA:30,0
DA:31,0
DA:32,0
DA:33,0
DA:34,0
DA:35,0
DA:39,0
DA:40,0
DA:41,0
DA:43,0
DA:44,0
DA:48,0
DA:49,0
DA:50,0
DA:51,0
DA:52,0
DA:56,0
DA:57,0
DA:58,0
DA:62,0
DA:63,0
DA:64,0
DA:70,0
DA:71,0
DA:72,0
DA:74,0
DA:75,0
DA:76,0
DA:80,0
DA:81,0
DA:94,0
DA:96,0
DA:97,0
DA:98,0
DA:99,0
DA:101,0
DA:102,0
DA:103,0
DA:107,0
DA:108,0
DA:109,0
DA:115,0
DA:116,0
DA:117,0
DA:118,0
DA:120,0
DA:121,0
DA:122,0
DA:126,0
DA:127,0
DA:128,0
DA:133,0
DA:134,0
DA:135,0
DA:136,0
DA:138,0
DA:139,0
DA:140,0
DA:144,0
DA:145,0
DA:146,0
DA:153,0
DA:172,0
DA:173,0
LF:75
LH:0
BRDA:32,0,0,0
BRDA:32,0,1,0
BRDA:134,1,0,0
BRDA:134,1,1,0
BRDA:160,2,0,0
BRDA:160,2,1,0
BRDA:172,3,0,0
BRDA:172,3,1,0
BRF:8
BRH:0
end_of_record
TN:
SF:C:\Users\wjtay\Documents\GitHub\fullstackopen2020\part5\blog-frontend\src\index.js
FNF:0
FNH:0
DA:5,0
LF:1
LH:0
BRF:0
BRH:0
end_of_record
TN:
SF:C:\Users\wjtay\Documents\GitHub\fullstackopen2020\part5\blog-frontend\src\components\Blog.js
FN:4,(anonymous_0)
FN:13,(anonymous_1)
FN:18,(anonymous_2)
FNF:3
FNH:2
FNDA:4,(anonymous_0)
FNDA:2,(anonymous_1)
FNDA:0,(anonymous_2)
DA:4,1
DA:5,4
DA:13,4
DA:14,2
DA:15,2
DA:18,4
DA:19,0
DA:20,0
DA:23,4
LF:9
LH:7
BRF:0
BRH:0
end_of_record
TN:
SF:C:\Users\wjtay\Documents\GitHub\fullstackopen2020\part5\blog-frontend\src\components\Error.js
FN:3,(anonymous_0)
FNF:1
FNH:0
FNDA:0,(anonymous_0)
DA:3,0
DA:4,0
DA:14,0
DA:15,0
DA:22,0
LF:5
LH:0
BRDA:14,0,0,0
BRDA:14,0,1,0
BRF:2
BRH:0
end_of_record
TN:
SF:C:\Users\wjtay\Documents\GitHub\fullstackopen2020\part5\blog-frontend\src\components\LoginForm.js
FN:4,(anonymous_0)
FN:23,(anonymous_1)
FN:32,(anonymous_2)
FNF:3
FNH:0
FNDA:0,(anonymous_0)
FNDA:0,(anonymous_1)
FNDA:0,(anonymous_2)
DA:4,0
DA:12,0
DA:23,0
DA:32,0
DA:42,0
LF:5
LH:0
BRF:0
BRH:0
end_of_record
TN:
SF:C:\Users\wjtay\Documents\GitHub\fullstackopen2020\part5\blog-frontend\src\components\Notification.js
FN:3,(anonymous_0)
FNF:1
FNH:0
FNDA:0,(anonymous_0)
DA:3,0
DA:4,0
DA:14,0
DA:15,0
DA:22,0
LF:5
LH:0
BRDA:14,0,0,0
BRDA:14,0,1,0
BRF:2
BRH:0
end_of_record
TN:
SF:C:\Users\wjtay\Documents\GitHub\fullstackopen2020\part5\blog-frontend\src\components\PostForm.js
FN:3,(anonymous_0)
FN:9,(anonymous_1)
FN:37,(anonymous_2)
FN:46,(anonymous_3)
FN:55,(anonymous_4)
FN:64,(anonymous_5)
FNF:6
FNH:6
FNDA:6,(anonymous_0)
FNDA:1,(anonymous_1)
FNDA:1,(anonymous_2)
FNDA:1,(anonymous_3)
FNDA:1,(anonymous_4)
FNDA:1,(anonymous_5)
DA:3,1
DA:4,6
DA:5,6
DA:6,6
DA:7,6
DA:9,6
DA:10,1
DA:11,1
DA:13,1
DA:20,1
DA:22,1
DA:23,1
DA:24,1
DA:25,1
DA:28,6
DA:37,1
DA:46,1
DA:55,1
DA:64,1
LF:19
LH:19
BRF:0
BRH:0
end_of_record
TN:
SF:C:\Users\wjtay\Documents\GitHub\fullstackopen2020\part5\blog-frontend\src\components\Togglable.js
FN:4,(anonymous_0)
FN:10,(anonymous_1)
FN:14,(anonymous_2)
FNF:3
FNH:2
FNDA:9,(anonymous_0)
FNDA:2,(anonymous_1)
FNDA:0,(anonymous_2)
DA:4,1
DA:5,9
DA:7,9
DA:8,9
DA:10,9
DA:11,2
DA:14,9
DA:15,0
DA:20,9
DA:36,1
DA:38,1
LF:11
LH:10
BRDA:7,0,0,2
BRDA:7,0,1,7
BRDA:8,1,0,2
BRDA:8,1,1,7
BRF:4
BRH:4
end_of_record
TN:
SF:C:\Users\wjtay\Documents\GitHub\fullstackopen2020\part5\blog-frontend\src\services\blogs.js
FN:6,(anonymous_0)
FN:10,(anonymous_1)
FN:19,(anonymous_2)
FN:24,(anonymous_3)
FN:33,(anonymous_4)
FNF:5
FNH:0
FNDA:0,(anonymous_0)
FNDA:0,(anonymous_1)
FNDA:0,(anonymous_2)
FNDA:0,(anonymous_3)
FNDA:0,(anonymous_4)
DA:2,0
DA:4,0
DA:6,0
DA:7,0
DA:10,0
DA:11,0
DA:15,0
DA:16,0
DA:19,0
DA:20,0
DA:21,0
DA:24,0
DA:25,0
DA:29,0
DA:30,0
DA:33,0
DA:34,0
DA:38,0
DA:39,0
LF:19
LH:0
BRF:0
BRH:0
end_of_record
TN:
SF:C:\Users\wjtay\Documents\GitHub\fullstackopen2020\part5\blog-frontend\src\services\login.js
FN:4,(anonymous_0)
FNF:1
FNH:0
FNDA:0,(anonymous_0)
DA:2,0
DA:4,0
DA:5,0
DA:6,0
LF:4
LH:0
BRF:0
BRH:0
end_of_record
